# JRE version: OpenJDK Runtime Environment Microsoft-12574423 (17.0.17+10) (build 17.0.17+10-LTS)
# Java VM: OpenJDK 64-Bit Server VM Microsoft-12574423 (17.0.17+10-LTS, mixed mode, sharing, tiered, compressed oops, compressed class ptrs, g1 gc, windows-amd64)
GC Precious Log:
 CPUs: 12 total, 12 available
 Memory: 16085M
 Large Page Support: Disabled
 NUMA Support: Disabled
 Compressed Oops: Enabled (Zero based)
 Heap Region Size: 2M
 Heap Min Capacity: 8M
 Heap Initial Capacity: 252M
 Heap Max Capacity: 4G
 Pre-touch: Disabled
 Parallel Workers: 10
 Concurrent Workers: 3
 Concurrent Refinement Workers: 10
 Periodic GC: Disabled
Heap:
 garbage-first heap   total 595968K, used 259688K [0x0000000700000000, 0x0000000800000000)
  region size 2048K, 9 young (18432K), 9 survivors (18432K)
 Metaspace       used 112825K, committed 113920K, reserved 1179648K
  class space    used 15365K, committed 15936K, reserved 1048576K
GC Heap History (20 events):
Event: 11.886 GC heap after
{Heap after GC invocations=33 (full 0):
 garbage-first heap   total 421888K, used 151031K [0x0000000700000000, 0x0000000800000000)
  region size 2048K, 4 young (8192K), 4 survivors (8192K)
 Metaspace       used 90797K, committed 91712K, reserved 1179648K
  class space    used 12506K, committed 12928K, reserved 1048576K
}
Event: 12.819 GC heap before
{Heap before GC invocations=33 (full 0):
 garbage-first heap   total 421888K, used 331255K [0x0000000700000000, 0x0000000800000000)
  region size 2048K, 92 young (188416K), 4 survivors (8192K)
 Metaspace       used 97366K, committed 98240K, reserved 1179648K
  class space    used 13293K, committed 13696K, reserved 1048576K
}
Event: 12.827 GC heap after
{Heap after GC invocations=34 (full 0):
 garbage-first heap   total 421888K, used 160919K [0x0000000700000000, 0x0000000800000000)
  region size 2048K, 8 young (16384K), 8 survivors (16384K)
 Metaspace       used 97366K, committed 98240K, reserved 1179648K
  class space    used 13293K, committed 13696K, reserved 1048576K
}
Event: 13.403 GC heap before
{Heap before GC invocations=34 (full 0):
 garbage-first heap   total 421888K, used 337047K [0x0000000700000000, 0x0000000800000000)
  region size 2048K, 94 young (192512K), 8 survivors (16384K)
 Metaspace       used 97367K, committed 98240K, reserved 1179648K
  class space    used 13293K, committed 13696K, reserved 1048576K
}
Event: 13.412 GC heap after
{Heap after GC invocations=35 (full 0):
 garbage-first heap   total 421888K, used 165564K [0x0000000700000000, 0x0000000800000000)
  region size 2048K, 8 young (16384K), 8 survivors (16384K)
 Metaspace       used 97367K, committed 98240K, reserved 1179648K
  class space    used 13293K, committed 13696K, reserved 1048576K
}
Event: 14.988 GC heap before
{Heap before GC invocations=35 (full 0):
 garbage-first heap   total 421888K, used 339644K [0x0000000700000000, 0x0000000800000000)
  region size 2048K, 94 young (192512K), 8 survivors (16384K)
 Metaspace       used 110744K, committed 111808K, reserved 1179648K
  class space    used 14963K, committed 15488K, reserved 1048576K
}
Event: 15.000 GC heap after
{Heap after GC invocations=36 (full 0):
 garbage-first heap   total 421888K, used 173173K [0x0000000700000000, 0x0000000800000000)
  region size 2048K, 8 young (16384K), 8 survivors (16384K)
 Metaspace       used 110744K, committed 111808K, reserved 1179648K
  class space    used 14963K, committed 15488K, reserved 1048576K
}
Event: 15.336 GC heap before
{Heap before GC invocations=36 (full 0):
 garbage-first heap   total 421888K, used 197749K [0x0000000700000000, 0x0000000800000000)
  region size 2048K, 21 young (43008K), 8 survivors (16384K)
 Metaspace       used 111483K, committed 112576K, reserved 1179648K
  class space    used 15020K, committed 15616K, reserved 1048576K
}
Event: 15.344 GC heap after
{Heap after GC invocations=37 (full 0):
 garbage-first heap   total 421888K, used 177326K [0x0000000700000000, 0x0000000800000000)
  region size 2048K, 7 young (14336K), 7 survivors (14336K)
 Metaspace       used 111483K, committed 112576K, reserved 1179648K
  class space    used 15020K, committed 15616K, reserved 1048576K
}
Event: 15.707 GC heap before
{Heap before GC invocations=38 (full 0):
 garbage-first heap   total 421888K, used 396462K [0x0000000700000000, 0x0000000800000000)
  region size 2048K, 89 young (182272K), 7 survivors (14336K)
 Metaspace       used 112739K, committed 113856K, reserved 1179648K
  class space    used 15363K, committed 15936K, reserved 1048576K
}
Event: 15.719 GC heap after
{Heap after GC invocations=39 (full 0):
 garbage-first heap   total 434176K, used 198656K [0x0000000700000000, 0x0000000800000000)
  region size 2048K, 11 young (22528K), 11 survivors (22528K)
 Metaspace       used 112739K, committed 113856K, reserved 1179648K
  class space    used 15363K, committed 15936K, reserved 1048576K
}
Event: 15.721 GC heap before
{Heap before GC invocations=39 (full 0):
 garbage-first heap   total 434176K, used 198656K [0x0000000700000000, 0x0000000800000000)
  region size 2048K, 12 young (24576K), 11 survivors (22528K)
 Metaspace       used 112739K, committed 113856K, reserved 1179648K
  class space    used 15363K, committed 15936K, reserved 1048576K
}
Event: 15.729 GC heap after
{Heap after GC invocations=40 (full 0):
 garbage-first heap   total 595968K, used 199837K [0x0000000700000000, 0x0000000800000000)
  region size 2048K, 2 young (4096K), 2 survivors (4096K)
 Metaspace       used 112739K, committed 113856K, reserved 1179648K
  class space    used 15363K, committed 15936K, reserved 1048576K
}
Event: 15.952 GC heap before
{Heap before GC invocations=40 (full 0):
 garbage-first heap   total 595968K, used 455837K [0x0000000700000000, 0x0000000800000000)
  region size 2048K, 128 young (262144K), 2 survivors (4096K)
 Metaspace       used 112746K, committed 113856K, reserved 1179648K
  class space    used 15363K, committed 15936K, reserved 1048576K
}
Event: 15.958 GC heap after
{Heap after GC invocations=41 (full 0):
 garbage-first heap   total 595968K, used 222043K [0x0000000700000000, 0x0000000800000000)
  region size 2048K, 13 young (26624K), 13 survivors (26624K)
 Metaspace       used 112746K, committed 113856K, reserved 1179648K
  class space    used 15363K, committed 15936K, reserved 1048576K
}
Event: 16.145 GC heap before
{Heap before GC invocations=41 (full 0):
 garbage-first heap   total 595968K, used 459611K [0x0000000700000000, 0x0000000800000000)
  region size 2048K, 128 young (262144K), 13 survivors (26624K)
 Metaspace       used 112765K, committed 113920K, reserved 1179648K
  class space    used 15363K, committed 15936K, reserved 1048576K
}
Event: 16.153 GC heap after
{Heap after GC invocations=42 (full 0):
 garbage-first heap   total 595968K, used 241800K [0x0000000700000000, 0x0000000800000000)
  region size 2048K, 11 young (22528K), 11 survivors (22528K)
 Metaspace       used 112765K, committed 113920K, reserved 1179648K
  class space    used 15363K, committed 15936K, reserved 1048576K
}
Event: 16.299 GC heap before
{Heap before GC invocations=42 (full 0):
 garbage-first heap   total 595968K, used 465032K [0x0000000700000000, 0x0000000800000000)
  region size 2048K, 121 young (247808K), 11 survivors (22528K)
 Metaspace       used 112790K, committed 113920K, reserved 1179648K
  class space    used 15364K, committed 15936K, reserved 1048576K
}
Event: 16.305 GC heap after
{Heap after GC invocations=43 (full 0):
 garbage-first heap   total 595968K, used 253878K [0x0000000700000000, 0x0000000800000000)
  region size 2048K, 6 young (12288K), 6 survivors (12288K)
 Metaspace       used 112790K, committed 113920K, reserved 1179648K
  class space    used 15364K, committed 15936K, reserved 1048576K
}
Event: 16.475 GC heap before
{Heap before GC invocations=43 (full 0):
 garbage-first heap   total 595968K, used 477110K [0x0000000700000000, 0x0000000800000000)
  region size 2048K, 116 young (237568K), 6 survivors (12288K)
 Metaspace       used 112825K, committed 113920K, reserved 1179648K
  class space    used 15365K, committed 15936K, reserved 1048576K
}

